<?xml version="1.0" encoding="UTF-8"?>
<testsuite name="com.addressbook.lessons.tests.Group.tests.GroupCreationTests" tests="1" skipped="0" failures="0" errors="0" timestamp="2018-10-31T09:49:56" hostname="DESKTOP-8N96QM8" time="2.478">
  <properties/>
  <testcase name="testGroupCreation" classname="com.addressbook.lessons.tests.Group.tests.GroupCreationTests" time="2.478"/>
  <system-out><![CDATA[]]></system-out>
  <system-err><![CDATA[]]></system-err>
</testsuite>
