<?xml version="1.0" encoding="UTF-8"?>
<testsuite name="com.addressbook.lessons.tests.tests.ContactDeletionTests" tests="1" skipped="1" failures="0" errors="0" timestamp="2018-10-31T14:15:22" hostname="DESKTOP-8N96QM8" time="0.0">
  <properties/>
  <testcase name="testContactDeletion" classname="com.addressbook.lessons.tests.tests.ContactDeletionTests" time="0.0">
    <skipped/>
  </testcase>
  <system-out><![CDATA[]]></system-out>
  <system-err><![CDATA[]]></system-err>
</testsuite>
