<?xml version="1.0" encoding="UTF-8"?>
<testsuite name="com.addressbook.lessons.tests.tests.ContactModificationTests" tests="2" skipped="2" failures="0" errors="0" timestamp="2018-10-31T14:15:22" hostname="DESKTOP-8N96QM8" time="0.014">
  <properties/>
  <testcase name="testContactModification" classname="com.addressbook.lessons.tests.tests.ContactModificationTests" time="0.0">
    <skipped/>
  </testcase>
  <testcase name="testContactModification" classname="com.addressbook.lessons.tests.tests.ContactModificationTests" time="0.0">
    <skipped/>
  </testcase>
  <system-out><![CDATA[]]></system-out>
  <system-err><![CDATA[]]></system-err>
</testsuite>
