<?xml version="1.0" encoding="UTF-8"?>
<testsuite name="com.addressbook.lessons.tests.Group.tests.GroupDeletionTests" tests="1" skipped="0" failures="0" errors="0" timestamp="2018-10-31T09:49:59" hostname="DESKTOP-8N96QM8" time="1.113">
  <properties/>
  <testcase name="testGroupDeletion" classname="com.addressbook.lessons.tests.Group.tests.GroupDeletionTests" time="1.113"/>
  <system-out><![CDATA[]]></system-out>
  <system-err><![CDATA[]]></system-err>
</testsuite>
