<?xml version="1.0" encoding="UTF-8"?>
<testsuite name="com.addressbook.lessons.tests.Group.tests.ContactModificationTests" tests="1" skipped="0" failures="0" errors="0" timestamp="2018-10-31T09:49:52" hostname="DESKTOP-8N96QM8" time="4.207">
  <properties/>
  <testcase name="testContactModification" classname="com.addressbook.lessons.tests.Group.tests.ContactModificationTests" time="4.207"/>
  <system-out><![CDATA[]]></system-out>
  <system-err><![CDATA[]]></system-err>
</testsuite>
