<?xml version="1.0" encoding="UTF-8"?>
<testsuite name="com.addressbook.lessons.tests.tests.GroupCreationTests" tests="1" skipped="0" failures="0" errors="0" timestamp="2018-11-15T07:18:14" hostname="DESKTOP-8N96QM8" time="3.864">
  <properties/>
  <testcase name="testGroupCreation" classname="com.addressbook.lessons.tests.tests.GroupCreationTests" time="3.864"/>
  <system-out><![CDATA[]]></system-out>
  <system-err><![CDATA[]]></system-err>
</testsuite>
