<?xml version="1.0" encoding="UTF-8"?>
<testsuite name="com.addressbook.lessons.tests.tests.ContactModificationTests" tests="2" skipped="0" failures="0" errors="0" timestamp="2018-11-15T07:18:18" hostname="DESKTOP-8N96QM8" time="16.48">
  <properties/>
  <testcase name="testContactModification" classname="com.addressbook.lessons.tests.tests.ContactModificationTests" time="6.242"/>
  <testcase name="testContactModification" classname="com.addressbook.lessons.tests.tests.ContactModificationTests" time="3.491"/>
  <system-out><![CDATA[]]></system-out>
  <system-err><![CDATA[]]></system-err>
</testsuite>
