<?xml version="1.0" encoding="UTF-8"?>
<testsuite name="com.addressbook.lessons.tests.tests.ContactDeletionTests" tests="1" skipped="0" failures="0" errors="0" timestamp="2018-11-15T07:18:35" hostname="DESKTOP-8N96QM8" time="1.201">
  <properties/>
  <testcase name="testContactDeletion" classname="com.addressbook.lessons.tests.tests.ContactDeletionTests" time="1.201"/>
  <system-out><![CDATA[]]></system-out>
  <system-err><![CDATA[]]></system-err>
</testsuite>
