<?xml version="1.0" encoding="UTF-8"?>
<testsuite name="com.addressbook.lessons.tests.Group.tests.ContactCreationTests" tests="1" skipped="0" failures="0" errors="0" timestamp="2018-10-31T09:49:45" hostname="DESKTOP-8N96QM8" time="4.903">
  <properties/>
  <testcase name="testContactCreation" classname="com.addressbook.lessons.tests.Group.tests.ContactCreationTests" time="4.903"/>
  <system-out><![CDATA[]]></system-out>
  <system-err><![CDATA[]]></system-err>
</testsuite>
