<?xml version="1.0" encoding="UTF-8"?>
<testsuite name="com.addressbook.lessons.tests.tests.GroupDeletionTests" tests="1" skipped="0" failures="0" errors="0" timestamp="2018-11-15T07:18:25" hostname="DESKTOP-8N96QM8" time="1.767">
  <properties/>
  <testcase name="testGroupDeletion" classname="com.addressbook.lessons.tests.tests.GroupDeletionTests" time="1.767"/>
  <system-out><![CDATA[]]></system-out>
  <system-err><![CDATA[]]></system-err>
</testsuite>
